find: ‘/snap/core22/2133/etc/polkit-1/localauthority’: Permission denied
find: ‘/snap/core22/2133/etc/ssl/private’: Permission denied
find: ‘/snap/core22/2133/root’: Permission denied
find: ‘/snap/core22/2133/var/cache/ldconfig’: Permission denied
find: ‘/snap/core22/2133/var/cache/private’: Permission denied
find: ‘/snap/core22/2133/var/lib/polkit-1’: Permission denied
find: ‘/snap/core22/2133/var/lib/private’: Permission denied
find: ‘/snap/core22/2133/var/lib/snapd/void’: Permission denied
find: ‘/snap/core22/2111/etc/polkit-1/localauthority’: Permission denied
find: ‘/snap/core22/2111/etc/ssl/private’: Permission denied
find: ‘/snap/core22/2111/root’: Permission denied
find: ‘/snap/core22/2111/var/cache/ldconfig’: Permission denied
find: ‘/snap/core22/2111/var/cache/private’: Permission denied
find: ‘/snap/core22/2111/var/lib/polkit-1’: Permission denied
find: ‘/snap/core22/2111/var/lib/private’: Permission denied
find: ‘/snap/core22/2111/var/lib/snapd/void’: Permission denied
find: ‘/snap/snapd/24792/var/lib/snapd/void’: Permission denied
find: ‘/snap/snapd/25202/var/lib/snapd/void’: Permission denied
find: ‘/boot/efi’: Permission denied
find: ‘/etc/cups/ssl’: Permission denied
find: ‘/etc/polkit-1/localauthority’: Permission denied
find: ‘/etc/ssl/private’: Permission denied
find: ‘/proc/tty/driver’: Permission denied
find: ‘/proc/1/task/1/fd’: Permission denied
find: ‘/proc/1/task/1/fdinfo’: Permission denied
find: ‘/proc/1/task/1/ns’: Permission denied
find: ‘/proc/1/fd’: Permission denied
find: ‘/proc/1/map_files’: Permission denied
find: ‘/proc/1/fdinfo’: Permission denied
find: ‘/proc/1/ns’: Permission denied
find: ‘/proc/2/task/2/fd’: Permission denied
find: ‘/proc/2/task/2/fdinfo’: Permission denied
find: ‘/proc/2/task/2/ns’: Permission denied
find: ‘/proc/2/fd’: Permission denied
find: ‘/proc/2/map_files’: Permission denied
find: ‘/proc/2/fdinfo’: Permission denied
find: ‘/proc/2/ns’: Permission denied
find: ‘/proc/3/task/3/fd’: Permission denied
find: ‘/proc/3/task/3/fdinfo’: Permission denied
find: ‘/proc/3/task/3/ns’: Permission denied
find: ‘/proc/3/fd’: Permission denied
find: ‘/proc/3/map_files’: Permission denied
find: ‘/proc/3/fdinfo’: Permission denied
find: ‘/proc/3/ns’: Permission denied
find: ‘/proc/4/task/4/fd’: Permission denied
find: ‘/proc/4/task/4/fdinfo’: Permission denied
find: ‘/proc/4/task/4/ns’: Permission denied
find: ‘/proc/4/fd’: Permission denied
find: ‘/proc/4/map_files’: Permission denied
find: ‘/proc/4/fdinfo’: Permission denied
find: ‘/proc/4/ns’: Permission denied
find: ‘/proc/5/task/5/fd’: Permission denied
find: ‘/proc/5/task/5/fdinfo’: Permission denied
find: ‘/proc/5/task/5/ns’: Permission denied
find: ‘/proc/5/fd’: Permission denied
find: ‘/proc/5/map_files’: Permission denied
find: ‘/proc/5/fdinfo’: Permission denied
find: ‘/proc/5/ns’: Permission denied
find: ‘/proc/6/task/6/fd’: Permission denied
find: ‘/proc/6/task/6/fdinfo’: Permission denied
find: ‘/proc/6/task/6/ns’: Permission denied
find: ‘/proc/6/fd’: Permission denied
find: ‘/proc/6/map_files’: Permission denied
find: ‘/proc/6/fdinfo’: Permission denied
find: ‘/proc/6/ns’: Permission denied
find: ‘/proc/7/task/7/fd’: Permission denied
find: ‘/proc/7/task/7/fdinfo’: Permission denied
find: ‘/proc/7/task/7/ns’: Permission denied
find: ‘/proc/7/fd’: Permission denied
find: ‘/proc/7/map_files’: Permission denied
find: ‘/proc/7/fdinfo’: Permission denied
find: ‘/proc/7/ns’: Permission denied
find: ‘/proc/9/task/9/fd’: Permission denied
find: ‘/proc/9/task/9/fdinfo’: Permission denied
find: ‘/proc/9/task/9/ns’: Permission denied
find: ‘/proc/9/fd’: Permission denied
find: ‘/proc/9/map_files’: Permission denied
find: ‘/proc/9/fdinfo’: Permission denied
find: ‘/proc/9/ns’: Permission denied
find: ‘/proc/12/task/12/fd’: Permission denied
find: ‘/proc/12/task/12/fdinfo’: Permission denied
find: ‘/proc/12/task/12/ns’: Permission denied
find: ‘/proc/12/fd’: Permission denied
find: ‘/proc/12/map_files’: Permission denied
find: ‘/proc/12/fdinfo’: Permission denied
find: ‘/proc/12/ns’: Permission denied
find: ‘/proc/13/task/13/fd’: Permission denied
find: ‘/proc/13/task/13/fdinfo’: Permission denied
find: ‘/proc/13/task/13/ns’: Permission denied
find: ‘/proc/13/fd’: Permission denied
find: ‘/proc/13/map_files’: Permission denied
find: ‘/proc/13/fdinfo’: Permission denied
find: ‘/proc/13/ns’: Permission denied
find: ‘/proc/14/task/14/fd’: Permission denied
find: ‘/proc/14/task/14/fdinfo’: Permission denied
find: ‘/proc/14/task/14/ns’: Permission denied
find: ‘/proc/14/fd’: Permission denied
find: ‘/proc/14/map_files’: Permission denied
find: ‘/proc/14/fdinfo’: Permission denied
find: ‘/proc/14/ns’: Permission denied
find: ‘/proc/15/task/15/fd’: Permission denied
find: ‘/proc/15/task/15/fdinfo’: Permission denied
find: ‘/proc/15/task/15/ns’: Permission denied
find: ‘/proc/15/fd’: Permission denied
find: ‘/proc/15/map_files’: Permission denied
find: ‘/proc/15/fdinfo’: Permission denied
find: ‘/proc/15/ns’: Permission denied
find: ‘/proc/16/task/16/fd’: Permission denied
find: ‘/proc/16/task/16/fdinfo’: Permission denied
find: ‘/proc/16/task/16/ns’: Permission denied
find: ‘/proc/16/fd’: Permission denied
find: ‘/proc/16/map_files’: Permission denied
find: ‘/proc/16/fdinfo’: Permission denied
find: ‘/proc/16/ns’: Permission denied
find: ‘/proc/17/task/17/fd’: Permission denied
find: ‘/proc/17/task/17/fdinfo’: Permission denied
find: ‘/proc/17/task/17/ns’: Permission denied
find: ‘/proc/17/fd’: Permission denied
find: ‘/proc/17/map_files’: Permission denied
find: ‘/proc/17/fdinfo’: Permission denied
find: ‘/proc/17/ns’: Permission denied
find: ‘/proc/18/task/18/fd’: Permission denied
find: ‘/proc/18/task/18/fdinfo’: Permission denied
find: ‘/proc/18/task/18/ns’: Permission denied
find: ‘/proc/18/fd’: Permission denied
find: ‘/proc/18/map_files’: Permission denied
find: ‘/proc/18/fdinfo’: Permission denied
find: ‘/proc/18/ns’: Permission denied
find: ‘/proc/19/task/19/fd’: Permission denied
find: ‘/proc/19/task/19/fdinfo’: Permission denied
find: ‘/proc/19/task/19/ns’: Permission denied
find: ‘/proc/19/fd’: Permission denied
find: ‘/proc/19/map_files’: Permission denied
find: ‘/proc/19/fdinfo’: Permission denied
find: ‘/proc/19/ns’: Permission denied
find: ‘/proc/20/task/20/fd’: Permission denied
find: ‘/proc/20/task/20/fdinfo’: Permission denied
find: ‘/proc/20/task/20/ns’: Permission denied
find: ‘/proc/20/fd’: Permission denied
find: ‘/proc/20/map_files’: Permission denied
find: ‘/proc/20/fdinfo’: Permission denied
find: ‘/proc/20/ns’: Permission denied
find: ‘/proc/21/task/21/fd’: Permission denied
find: ‘/proc/21/task/21/fdinfo’: Permission denied
find: ‘/proc/21/task/21/ns’: Permission denied
find: ‘/proc/21/fd’: Permission denied
find: ‘/proc/21/map_files’: Permission denied
find: ‘/proc/21/fdinfo’: Permission denied
find: ‘/proc/21/ns’: Permission denied
find: ‘/proc/22/task/22/fd’: Permission denied
find: ‘/proc/22/task/22/fdinfo’: Permission denied
find: ‘/proc/22/task/22/ns’: Permission denied
find: ‘/proc/22/fd’: Permission denied
find: ‘/proc/22/map_files’: Permission denied
find: ‘/proc/22/fdinfo’: Permission denied
find: ‘/proc/22/ns’: Permission denied
find: ‘/proc/23/task/23/fd’: Permission denied
find: ‘/proc/23/task/23/fdinfo’: Permission denied
find: ‘/proc/23/task/23/ns’: Permission denied
find: ‘/proc/23/fd’: Permission denied
find: ‘/proc/23/map_files’: Permission denied
find: ‘/proc/23/fdinfo’: Permission denied
find: ‘/proc/23/ns’: Permission denied
find: ‘/proc/24/task/24/fd’: Permission denied
find: ‘/proc/24/task/24/fdinfo’: Permission denied
find: ‘/proc/24/task/24/ns’: Permission denied
find: ‘/proc/24/fd’: Permission denied
find: ‘/proc/24/map_files’: Permission denied
find: ‘/proc/24/fdinfo’: Permission denied
find: ‘/proc/24/ns’: Permission denied
find: ‘/proc/26/task/26/fd’: Permission denied
find: ‘/proc/26/task/26/fdinfo’: Permission denied
find: ‘/proc/26/task/26/ns’: Permission denied
find: ‘/proc/26/fd’: Permission denied
find: ‘/proc/26/map_files’: Permission denied
find: ‘/proc/26/fdinfo’: Permission denied
find: ‘/proc/26/ns’: Permission denied
find: ‘/proc/27/task/27/fd’: Permission denied
find: ‘/proc/27/task/27/fdinfo’: Permission denied
find: ‘/proc/27/task/27/ns’: Permission denied
find: ‘/proc/27/fd’: Permission denied
find: ‘/proc/27/map_files’: Permission denied
find: ‘/proc/27/fdinfo’: Permission denied
find: ‘/proc/27/ns’: Permission denied
find: ‘/proc/28/task/28/fd’: Permission denied
find: ‘/proc/28/task/28/fdinfo’: Permission denied
find: ‘/proc/28/task/28/ns’: Permission denied
find: ‘/proc/28/fd’: Permission denied
find: ‘/proc/28/map_files’: Permission denied
find: ‘/proc/28/fdinfo’: Permission denied
find: ‘/proc/28/ns’: Permission denied
find: ‘/proc/29/task/29/fd’: Permission denied
find: ‘/proc/29/task/29/fdinfo’: Permission denied
find: ‘/proc/29/task/29/ns’: Permission denied
find: ‘/proc/29/fd’: Permission denied
find: ‘/proc/29/map_files’: Permission denied
find: ‘/proc/29/fdinfo’: Permission denied
find: ‘/proc/29/ns’: Permission denied
find: ‘/proc/30/task/30/fd’: Permission denied
find: ‘/proc/30/task/30/fdinfo’: Permission denied
find: ‘/proc/30/task/30/ns’: Permission denied
find: ‘/proc/30/fd’: Permission denied
find: ‘/proc/30/map_files’: Permission denied
find: ‘/proc/30/fdinfo’: Permission denied
find: ‘/proc/30/ns’: Permission denied
find: ‘/proc/32/task/32/fd’: Permission denied
find: ‘/proc/32/task/32/fdinfo’: Permission denied
find: ‘/proc/32/task/32/ns’: Permission denied
find: ‘/proc/32/fd’: Permission denied
find: ‘/proc/32/map_files’: Permission denied
find: ‘/proc/32/fdinfo’: Permission denied
find: ‘/proc/32/ns’: Permission denied
find: ‘/proc/33/task/33/fd’: Permission denied
find: ‘/proc/33/task/33/fdinfo’: Permission denied
find: ‘/proc/33/task/33/ns’: Permission denied
find: ‘/proc/33/fd’: Permission denied
find: ‘/proc/33/map_files’: Permission denied
find: ‘/proc/33/fdinfo’: Permission denied
find: ‘/proc/33/ns’: Permission denied
find: ‘/proc/34/task/34/fd’: Permission denied
find: ‘/proc/34/task/34/fdinfo’: Permission denied
find: ‘/proc/34/task/34/ns’: Permission denied
find: ‘/proc/34/fd’: Permission denied
find: ‘/proc/34/map_files’: Permission denied
find: ‘/proc/34/fdinfo’: Permission denied
find: ‘/proc/34/ns’: Permission denied
find: ‘/proc/35/task/35/fd’: Permission denied
find: ‘/proc/35/task/35/fdinfo’: Permission denied
find: ‘/proc/35/task/35/ns’: Permission denied
find: ‘/proc/35/fd’: Permission denied
find: ‘/proc/35/map_files’: Permission denied
find: ‘/proc/35/fdinfo’: Permission denied
find: ‘/proc/35/ns’: Permission denied
find: ‘/proc/36/task/36/fd’: Permission denied
find: ‘/proc/36/task/36/fdinfo’: Permission denied
find: ‘/proc/36/task/36/ns’: Permission denied
find: ‘/proc/36/fd’: Permission denied
find: ‘/proc/36/map_files’: Permission denied
find: ‘/proc/36/fdinfo’: Permission denied
find: ‘/proc/36/ns’: Permission denied
find: ‘/proc/38/task/38/fd’: Permission denied
find: ‘/proc/38/task/38/fdinfo’: Permission denied
find: ‘/proc/38/task/38/ns’: Permission denied
find: ‘/proc/38/fd’: Permission denied
find: ‘/proc/38/map_files’: Permission denied
find: ‘/proc/38/fdinfo’: Permission denied
find: ‘/proc/38/ns’: Permission denied
find: ‘/proc/39/task/39/fd’: Permission denied
find: ‘/proc/39/task/39/fdinfo’: Permission denied
find: ‘/proc/39/task/39/ns’: Permission denied
find: ‘/proc/39/fd’: Permission denied
find: ‘/proc/39/map_files’: Permission denied
find: ‘/proc/39/fdinfo’: Permission denied
find: ‘/proc/39/ns’: Permission denied
find: ‘/proc/40/task/40/fd’: Permission denied
find: ‘/proc/40/task/40/fdinfo’: Permission denied
find: ‘/proc/40/task/40/ns’: Permission denied
find: ‘/proc/40/fd’: Permission denied
find: ‘/proc/40/map_files’: Permission denied
find: ‘/proc/40/fdinfo’: Permission denied
find: ‘/proc/40/ns’: Permission denied
find: ‘/proc/41/task/41/fd’: Permission denied
find: ‘/proc/41/task/41/fdinfo’: Permission denied
find: ‘/proc/41/task/41/ns’: Permission denied
find: ‘/proc/41/fd’: Permission denied
find: ‘/proc/41/map_files’: Permission denied
find: ‘/proc/41/fdinfo’: Permission denied
find: ‘/proc/41/ns’: Permission denied
find: ‘/proc/44/task/44/fd’: Permission denied
find: ‘/proc/44/task/44/fdinfo’: Permission denied
find: ‘/proc/44/task/44/ns’: Permission denied
find: ‘/proc/44/fd’: Permission denied
find: ‘/proc/44/map_files’: Permission denied
find: ‘/proc/44/fdinfo’: Permission denied
find: ‘/proc/44/ns’: Permission denied
find: ‘/proc/45/task/45/fd’: Permission denied
find: ‘/proc/45/task/45/fdinfo’: Permission denied
find: ‘/proc/45/task/45/ns’: Permission denied
find: ‘/proc/45/fd’: Permission denied
find: ‘/proc/45/map_files’: Permission denied
find: ‘/proc/45/fdinfo’: Permission denied
find: ‘/proc/45/ns’: Permission denied
find: ‘/proc/47/task/47/fd’: Permission denied
find: ‘/proc/47/task/47/fdinfo’: Permission denied
find: ‘/proc/47/task/47/ns’: Permission denied
find: ‘/proc/47/fd’: Permission denied
find: ‘/proc/47/map_files’: Permission denied
find: ‘/proc/47/fdinfo’: Permission denied
find: ‘/proc/47/ns’: Permission denied
find: ‘/proc/48/task/48/fd’: Permission denied
find: ‘/proc/48/task/48/fdinfo’: Permission denied
find: ‘/proc/48/task/48/ns’: Permission denied
find: ‘/proc/48/fd’: Permission denied
find: ‘/proc/48/map_files’: Permission denied
find: ‘/proc/48/fdinfo’: Permission denied
find: ‘/proc/48/ns’: Permission denied
find: ‘/proc/49/task/49/fd’: Permission denied
find: ‘/proc/49/task/49/fdinfo’: Permission denied
find: ‘/proc/49/task/49/ns’: Permission denied
find: ‘/proc/49/fd’: Permission denied
find: ‘/proc/49/map_files’: Permission denied
find: ‘/proc/49/fdinfo’: Permission denied
find: ‘/proc/49/ns’: Permission denied
find: ‘/proc/51/task/51/fd’: Permission denied
find: ‘/proc/51/task/51/fdinfo’: Permission denied
find: ‘/proc/51/task/51/ns’: Permission denied
find: ‘/proc/51/fd’: Permission denied
find: ‘/proc/51/map_files’: Permission denied
find: ‘/proc/51/fdinfo’: Permission denied
find: ‘/proc/51/ns’: Permission denied
find: ‘/proc/52/task/52/fd’: Permission denied
find: ‘/proc/52/task/52/fdinfo’: Permission denied
find: ‘/proc/52/task/52/ns’: Permission denied
find: ‘/proc/52/fd’: Permission denied
find: ‘/proc/52/map_files’: Permission denied
find: ‘/proc/52/fdinfo’: Permission denied
find: ‘/proc/52/ns’: Permission denied
find: ‘/proc/53/task/53/fd’: Permission denied
find: ‘/proc/53/task/53/fdinfo’: Permission denied
find: ‘/proc/53/task/53/ns’: Permission denied
find: ‘/proc/53/fd’: Permission denied
find: ‘/proc/53/map_files’: Permission denied
find: ‘/proc/53/fdinfo’: Permission denied
find: ‘/proc/53/ns’: Permission denied
find: ‘/proc/54/task/54/fd’: Permission denied
find: ‘/proc/54/task/54/fdinfo’: Permission denied
find: ‘/proc/54/task/54/ns’: Permission denied
find: ‘/proc/54/fd’: Permission denied
find: ‘/proc/54/map_files’: Permission denied
find: ‘/proc/54/fdinfo’: Permission denied
find: ‘/proc/54/ns’: Permission denied
find: ‘/proc/55/task/55/fd’: Permission denied
find: ‘/proc/55/task/55/fdinfo’: Permission denied
find: ‘/proc/55/task/55/ns’: Permission denied
find: ‘/proc/55/fd’: Permission denied
find: ‘/proc/55/map_files’: Permission denied
find: ‘/proc/55/fdinfo’: Permission denied
find: ‘/proc/55/ns’: Permission denied
find: ‘/proc/57/task/57/fd’: Permission denied
find: ‘/proc/57/task/57/fdinfo’: Permission denied
find: ‘/proc/57/task/57/ns’: Permission denied
find: ‘/proc/57/fd’: Permission denied
find: ‘/proc/57/map_files’: Permission denied
find: ‘/proc/57/fdinfo’: Permission denied
find: ‘/proc/57/ns’: Permission denied
find: ‘/proc/58/task/58/fd’: Permission denied
find: ‘/proc/58/task/58/fdinfo’: Permission denied
find: ‘/proc/58/task/58/ns’: Permission denied
find: ‘/proc/58/fd’: Permission denied
find: ‘/proc/58/map_files’: Permission denied
find: ‘/proc/58/fdinfo’: Permission denied
find: ‘/proc/58/ns’: Permission denied
find: ‘/proc/59/task/59/fd’: Permission denied
find: ‘/proc/59/task/59/fdinfo’: Permission denied
find: ‘/proc/59/task/59/ns’: Permission denied
find: ‘/proc/59/fd’: Permission denied
find: ‘/proc/59/map_files’: Permission denied
find: ‘/proc/59/fdinfo’: Permission denied
find: ‘/proc/59/ns’: Permission denied
find: ‘/proc/60/task/60/fd’: Permission denied
find: ‘/proc/60/task/60/fdinfo’: Permission denied
find: ‘/proc/60/task/60/ns’: Permission denied
find: ‘/proc/60/fd’: Permission denied
find: ‘/proc/60/map_files’: Permission denied
find: ‘/proc/60/fdinfo’: Permission denied
find: ‘/proc/60/ns’: Permission denied
find: ‘/proc/61/task/61/fd’: Permission denied
find: ‘/proc/61/task/61/fdinfo’: Permission denied
find: ‘/proc/61/task/61/ns’: Permission denied
find: ‘/proc/61/fd’: Permission denied
find: ‘/proc/61/map_files’: Permission denied
find: ‘/proc/61/fdinfo’: Permission denied
find: ‘/proc/61/ns’: Permission denied
find: ‘/proc/62/task/62/fd’: Permission denied
find: ‘/proc/62/task/62/fdinfo’: Permission denied
find: ‘/proc/62/task/62/ns’: Permission denied
find: ‘/proc/62/fd’: Permission denied
find: ‘/proc/62/map_files’: Permission denied
find: ‘/proc/62/fdinfo’: Permission denied
find: ‘/proc/62/ns’: Permission denied
find: ‘/proc/63/task/63/fd’: Permission denied
find: ‘/proc/63/task/63/fdinfo’: Permission denied
find: ‘/proc/63/task/63/ns’: Permission denied
find: ‘/proc/63/fd’: Permission denied
find: ‘/proc/63/map_files’: Permission denied
find: ‘/proc/63/fdinfo’: Permission denied
find: ‘/proc/63/ns’: Permission denied
find: ‘/proc/64/task/64/fd’: Permission denied
find: ‘/proc/64/task/64/fdinfo’: Permission denied
find: ‘/proc/64/task/64/ns’: Permission denied
find: ‘/proc/64/fd’: Permission denied
find: ‘/proc/64/map_files’: Permission denied
find: ‘/proc/64/fdinfo’: Permission denied
find: ‘/proc/64/ns’: Permission denied
find: ‘/proc/65/task/65/fd’: Permission denied
find: ‘/proc/65/task/65/fdinfo’: Permission denied
find: ‘/proc/65/task/65/ns’: Permission denied
find: ‘/proc/65/fd’: Permission denied
find: ‘/proc/65/map_files’: Permission denied
find: ‘/proc/65/fdinfo’: Permission denied
find: ‘/proc/65/ns’: Permission denied
find: ‘/proc/66/task/66/fd’: Permission denied
find: ‘/proc/66/task/66/fdinfo’: Permission denied
find: ‘/proc/66/task/66/ns’: Permission denied
find: ‘/proc/66/fd’: Permission denied
find: ‘/proc/66/map_files’: Permission denied
find: ‘/proc/66/fdinfo’: Permission denied
find: ‘/proc/66/ns’: Permission denied
find: ‘/proc/67/task/67/fd’: Permission denied
find: ‘/proc/67/task/67/fdinfo’: Permission denied
find: ‘/proc/67/task/67/ns’: Permission denied
find: ‘/proc/67/fd’: Permission denied
find: ‘/proc/67/map_files’: Permission denied
find: ‘/proc/67/fdinfo’: Permission denied
find: ‘/proc/67/ns’: Permission denied
find: ‘/proc/68/task/68/fd’: Permission denied
find: ‘/proc/68/task/68/fdinfo’: Permission denied
find: ‘/proc/68/task/68/ns’: Permission denied
find: ‘/proc/68/fd’: Permission denied
find: ‘/proc/68/map_files’: Permission denied
find: ‘/proc/68/fdinfo’: Permission denied
find: ‘/proc/68/ns’: Permission denied
find: ‘/proc/69/task/69/fd’: Permission denied
find: ‘/proc/69/task/69/fdinfo’: Permission denied
find: ‘/proc/69/task/69/ns’: Permission denied
find: ‘/proc/69/fd’: Permission denied
find: ‘/proc/69/map_files’: Permission denied
find: ‘/proc/69/fdinfo’: Permission denied
find: ‘/proc/69/ns’: Permission denied
find: ‘/proc/71/task/71/fd’: Permission denied
find: ‘/proc/71/task/71/fdinfo’: Permission denied
find: ‘/proc/71/task/71/ns’: Permission denied
find: ‘/proc/71/fd’: Permission denied
find: ‘/proc/71/map_files’: Permission denied
find: ‘/proc/71/fdinfo’: Permission denied
find: ‘/proc/71/ns’: Permission denied
find: ‘/proc/72/task/72/fd’: Permission denied
find: ‘/proc/72/task/72/fdinfo’: Permission denied
find: ‘/proc/72/task/72/ns’: Permission denied
find: ‘/proc/72/fd’: Permission denied
find: ‘/proc/72/map_files’: Permission denied
find: ‘/proc/72/fdinfo’: Permission denied
find: ‘/proc/72/ns’: Permission denied
find: ‘/proc/73/task/73/fd’: Permission denied
find: ‘/proc/73/task/73/fdinfo’: Permission denied
find: ‘/proc/73/task/73/ns’: Permission denied
find: ‘/proc/73/fd’: Permission denied
find: ‘/proc/73/map_files’: Permission denied
find: ‘/proc/73/fdinfo’: Permission denied
find: ‘/proc/73/ns’: Permission denied
find: ‘/proc/74/task/74/fd’: Permission denied
find: ‘/proc/74/task/74/fdinfo’: Permission denied
find: ‘/proc/74/task/74/ns’: Permission denied
find: ‘/proc/74/fd’: Permission denied
find: ‘/proc/74/map_files’: Permission denied
find: ‘/proc/74/fdinfo’: Permission denied
find: ‘/proc/74/ns’: Permission denied
find: ‘/proc/81/task/81/fd’: Permission denied
find: ‘/proc/81/task/81/fdinfo’: Permission denied
find: ‘/proc/81/task/81/ns’: Permission denied
find: ‘/proc/81/fd’: Permission denied
find: ‘/proc/81/map_files’: Permission denied
find: ‘/proc/81/fdinfo’: Permission denied
find: ‘/proc/81/ns’: Permission denied
find: ‘/proc/96/task/96/fd’: Permission denied
find: ‘/proc/96/task/96/fdinfo’: Permission denied
find: ‘/proc/96/task/96/ns’: Permission denied
find: ‘/proc/96/fd’: Permission denied
find: ‘/proc/96/map_files’: Permission denied
find: ‘/proc/96/fdinfo’: Permission denied
find: ‘/proc/96/ns’: Permission denied
find: ‘/proc/143/task/143/fd’: Permission denied
find: ‘/proc/143/task/143/fdinfo’: Permission denied
find: ‘/proc/143/task/143/ns’: Permission denied
find: ‘/proc/143/fd’: Permission denied
find: ‘/proc/143/map_files’: Permission denied
find: ‘/proc/143/fdinfo’: Permission denied
find: ‘/proc/143/ns’: Permission denied
find: ‘/proc/144/task/144/fd’: Permission denied
find: ‘/proc/144/task/144/fdinfo’: Permission denied
find: ‘/proc/144/task/144/ns’: Permission denied
find: ‘/proc/144/fd’: Permission denied
find: ‘/proc/144/map_files’: Permission denied
find: ‘/proc/144/fdinfo’: Permission denied
find: ‘/proc/144/ns’: Permission denied
find: ‘/proc/161/task/161/fd’: Permission denied
find: ‘/proc/161/task/161/fdinfo’: Permission denied
find: ‘/proc/161/task/161/ns’: Permission denied
find: ‘/proc/161/fd’: Permission denied
find: ‘/proc/161/map_files’: Permission denied
find: ‘/proc/161/fdinfo’: Permission denied
find: ‘/proc/161/ns’: Permission denied
find: ‘/proc/162/task/162/fd’: Permission denied
find: ‘/proc/162/task/162/fdinfo’: Permission denied
find: ‘/proc/162/task/162/ns’: Permission denied
find: ‘/proc/162/fd’: Permission denied
find: ‘/proc/162/map_files’: Permission denied
find: ‘/proc/162/fdinfo’: Permission denied
find: ‘/proc/162/ns’: Permission denied
find: ‘/proc/163/task/163/fd’: Permission denied
find: ‘/proc/163/task/163/fdinfo’: Permission denied
find: ‘/proc/163/task/163/ns’: Permission denied
find: ‘/proc/163/fd’: Permission denied
find: ‘/proc/163/map_files’: Permission denied
find: ‘/proc/163/fdinfo’: Permission denied
find: ‘/proc/163/ns’: Permission denied
find: ‘/proc/164/task/164/fd’: Permission denied
find: ‘/proc/164/task/164/fdinfo’: Permission denied
find: ‘/proc/164/task/164/ns’: Permission denied
find: ‘/proc/164/fd’: Permission denied
find: ‘/proc/164/map_files’: Permission denied
find: ‘/proc/164/fdinfo’: Permission denied
find: ‘/proc/164/ns’: Permission denied
find: ‘/proc/177/task/177/fd’: Permission denied
find: ‘/proc/177/task/177/fdinfo’: Permission denied
find: ‘/proc/177/task/177/ns’: Permission denied
find: ‘/proc/177/fd’: Permission denied
find: ‘/proc/177/map_files’: Permission denied
find: ‘/proc/177/fdinfo’: Permission denied
find: ‘/proc/177/ns’: Permission denied
find: ‘/proc/200/task/200/fd’: Permission denied
find: ‘/proc/200/task/200/fdinfo’: Permission denied
find: ‘/proc/200/task/200/ns’: Permission denied
find: ‘/proc/200/fd’: Permission denied
find: ‘/proc/200/map_files’: Permission denied
find: ‘/proc/200/fdinfo’: Permission denied
find: ‘/proc/200/ns’: Permission denied
find: ‘/proc/201/task/201/fd’: Permission denied
find: ‘/proc/201/task/201/fdinfo’: Permission denied
find: ‘/proc/201/task/201/ns’: Permission denied
find: ‘/proc/201/fd’: Permission denied
find: ‘/proc/201/map_files’: Permission denied
find: ‘/proc/201/fdinfo’: Permission denied
find: ‘/proc/201/ns’: Permission denied
find: ‘/proc/240/task/240/fd’: Permission denied
find: ‘/proc/240/task/240/fdinfo’: Permission denied
find: ‘/proc/240/task/240/ns’: Permission denied
find: ‘/proc/240/fd’: Permission denied
find: ‘/proc/240/map_files’: Permission denied
find: ‘/proc/240/fdinfo’: Permission denied
find: ‘/proc/240/ns’: Permission denied
find: ‘/proc/288/task/288/fd’: Permission denied
find: ‘/proc/288/task/288/fdinfo’: Permission denied
find: ‘/proc/288/task/288/ns’: Permission denied
find: ‘/proc/288/fd’: Permission denied
find: ‘/proc/288/map_files’: Permission denied
find: ‘/proc/288/fdinfo’: Permission denied
find: ‘/proc/288/ns’: Permission denied
find: ‘/proc/313/task/313/fd’: Permission denied
find: ‘/proc/313/task/313/fdinfo’: Permission denied
find: ‘/proc/313/task/313/ns’: Permission denied
find: ‘/proc/313/fd’: Permission denied
find: ‘/proc/313/map_files’: Permission denied
find: ‘/proc/313/fdinfo’: Permission denied
find: ‘/proc/313/ns’: Permission denied
find: ‘/proc/317/task/317/fd’: Permission denied
find: ‘/proc/317/task/317/fdinfo’: Permission denied
find: ‘/proc/317/task/317/ns’: Permission denied
find: ‘/proc/317/fd’: Permission denied
find: ‘/proc/317/map_files’: Permission denied
find: ‘/proc/317/fdinfo’: Permission denied
find: ‘/proc/317/ns’: Permission denied
find: ‘/proc/338/task/338/fd’: Permission denied
find: ‘/proc/338/task/338/fdinfo’: Permission denied
find: ‘/proc/338/task/338/ns’: Permission denied
find: ‘/proc/338/fd’: Permission denied
find: ‘/proc/338/map_files’: Permission denied
find: ‘/proc/338/fdinfo’: Permission denied
find: ‘/proc/338/ns’: Permission denied
find: ‘/proc/347/task/347/fd’: Permission denied
find: ‘/proc/347/task/347/fdinfo’: Permission denied
find: ‘/proc/347/task/347/ns’: Permission denied
find: ‘/proc/347/fd’: Permission denied
find: ‘/proc/347/map_files’: Permission denied
find: ‘/proc/347/fdinfo’: Permission denied
find: ‘/proc/347/ns’: Permission denied
find: ‘/proc/351/task/351/fd’: Permission denied
find: ‘/proc/351/task/351/fdinfo’: Permission denied
find: ‘/proc/351/task/351/ns’: Permission denied
find: ‘/proc/351/fd’: Permission denied
find: ‘/proc/351/map_files’: Permission denied
find: ‘/proc/351/fdinfo’: Permission denied
find: ‘/proc/351/ns’: Permission denied
find: ‘/proc/357/task/357/fd’: Permission denied
find: ‘/proc/357/task/357/fdinfo’: Permission denied
find: ‘/proc/357/task/357/ns’: Permission denied
find: ‘/proc/357/fd’: Permission denied
find: ‘/proc/357/map_files’: Permission denied
find: ‘/proc/357/fdinfo’: Permission denied
find: ‘/proc/357/ns’: Permission denied
find: ‘/proc/358/task/358/fd’: Permission denied
find: ‘/proc/358/task/358/fdinfo’: Permission denied
find: ‘/proc/358/task/358/ns’: Permission denied
find: ‘/proc/358/fd’: Permission denied
find: ‘/proc/358/map_files’: Permission denied
find: ‘/proc/358/fdinfo’: Permission denied
find: ‘/proc/358/ns’: Permission denied
find: ‘/proc/360/task/360/fd’: Permission denied
find: ‘/proc/360/task/360/fdinfo’: Permission denied
find: ‘/proc/360/task/360/ns’: Permission denied
find: ‘/proc/360/fd’: Permission denied
find: ‘/proc/360/map_files’: Permission denied
find: ‘/proc/360/fdinfo’: Permission denied
find: ‘/proc/360/ns’: Permission denied
find: ‘/proc/361/task/361/fd’: Permission denied
find: ‘/proc/361/task/361/fdinfo’: Permission denied
find: ‘/proc/361/task/361/ns’: Permission denied
find: ‘/proc/361/fd’: Permission denied
find: ‘/proc/361/map_files’: Permission denied
find: ‘/proc/361/fdinfo’: Permission denied
find: ‘/proc/361/ns’: Permission denied
find: ‘/proc/362/task/362/fd’: Permission denied
find: ‘/proc/362/task/362/fdinfo’: Permission denied
find: ‘/proc/362/task/362/ns’: Permission denied
find: ‘/proc/362/fd’: Permission denied
find: ‘/proc/362/map_files’: Permission denied
find: ‘/proc/362/fdinfo’: Permission denied
find: ‘/proc/362/ns’: Permission denied
find: ‘/proc/363/task/363/fd’: Permission denied
find: ‘/proc/363/task/363/fdinfo’: Permission denied
find: ‘/proc/363/task/363/ns’: Permission denied
find: ‘/proc/363/fd’: Permission denied
find: ‘/proc/363/map_files’: Permission denied
find: ‘/proc/363/fdinfo’: Permission denied
find: ‘/proc/363/ns’: Permission denied
find: ‘/proc/384/task/384/fd’: Permission denied
find: ‘/proc/384/task/384/fdinfo’: Permission denied
find: ‘/proc/384/task/384/ns’: Permission denied
find: ‘/proc/384/fd’: Permission denied
find: ‘/proc/384/map_files’: Permission denied
find: ‘/proc/384/fdinfo’: Permission denied
find: ‘/proc/384/ns’: Permission denied
find: ‘/proc/440/task/440/fd’: Permission denied
find: ‘/proc/440/task/440/fdinfo’: Permission denied
find: ‘/proc/440/task/440/ns’: Permission denied
find: ‘/proc/440/fd’: Permission denied
find: ‘/proc/440/map_files’: Permission denied
find: ‘/proc/440/fdinfo’: Permission denied
find: ‘/proc/440/ns’: Permission denied
find: ‘/proc/446/task/446/fd’: Permission denied
find: ‘/proc/446/task/446/fdinfo’: Permission denied
find: ‘/proc/446/task/446/ns’: Permission denied
find: ‘/proc/446/fd’: Permission denied
find: ‘/proc/446/map_files’: Permission denied
find: ‘/proc/446/fdinfo’: Permission denied
find: ‘/proc/446/ns’: Permission denied
find: ‘/proc/447/task/447/fd’: Permission denied
find: ‘/proc/447/task/447/fdinfo’: Permission denied
find: ‘/proc/447/task/447/ns’: Permission denied
find: ‘/proc/447/fd’: Permission denied
find: ‘/proc/447/map_files’: Permission denied
find: ‘/proc/447/fdinfo’: Permission denied
find: ‘/proc/447/ns’: Permission denied
find: ‘/proc/448/task/448/fd’: Permission denied
find: ‘/proc/448/task/448/fdinfo’: Permission denied
find: ‘/proc/448/task/448/ns’: Permission denied
find: ‘/proc/448/fd’: Permission denied
find: ‘/proc/448/map_files’: Permission denied
find: ‘/proc/448/fdinfo’: Permission denied
find: ‘/proc/448/ns’: Permission denied
find: ‘/proc/449/task/449/fd’: Permission denied
find: ‘/proc/449/task/449/fdinfo’: Permission denied
find: ‘/proc/449/task/449/ns’: Permission denied
find: ‘/proc/449/fd’: Permission denied
find: ‘/proc/449/map_files’: Permission denied
find: ‘/proc/449/fdinfo’: Permission denied
find: ‘/proc/449/ns’: Permission denied
find: ‘/proc/512/task/512/fd’: Permission denied
find: ‘/proc/512/task/512/fdinfo’: Permission denied
find: ‘/proc/512/task/512/ns’: Permission denied
find: ‘/proc/512/fd’: Permission denied
find: ‘/proc/512/map_files’: Permission denied
find: ‘/proc/512/fdinfo’: Permission denied
find: ‘/proc/512/ns’: Permission denied
find: ‘/proc/523/task/523/fd’: Permission denied
find: ‘/proc/523/task/523/fdinfo’: Permission denied
find: ‘/proc/523/task/523/ns’: Permission denied
find: ‘/proc/523/fd’: Permission denied
find: ‘/proc/523/map_files’: Permission denied
find: ‘/proc/523/fdinfo’: Permission denied
find: ‘/proc/523/ns’: Permission denied
find: ‘/proc/528/task/528/fd’: Permission denied
find: ‘/proc/528/task/528/fdinfo’: Permission denied
find: ‘/proc/528/task/528/ns’: Permission denied
find: ‘/proc/528/task/613/fd’: Permission denied
find: ‘/proc/528/task/613/fdinfo’: Permission denied
find: ‘/proc/528/task/613/ns’: Permission denied
find: ‘/proc/528/fd’: Permission denied
find: ‘/proc/528/map_files’: Permission denied
find: ‘/proc/528/fdinfo’: Permission denied
find: ‘/proc/528/ns’: Permission denied
find: ‘/proc/561/task/561/fd’: Permission denied
find: ‘/proc/561/task/561/fdinfo’: Permission denied
find: ‘/proc/561/task/561/ns’: Permission denied
find: ‘/proc/561/fd’: Permission denied
find: ‘/proc/561/map_files’: Permission denied
find: ‘/proc/561/fdinfo’: Permission denied
find: ‘/proc/561/ns’: Permission denied
find: ‘/proc/626/task/626/fd’: Permission denied
find: ‘/proc/626/task/626/fdinfo’: Permission denied
find: ‘/proc/626/task/626/ns’: Permission denied
find: ‘/proc/626/task/686/fd’: Permission denied
find: ‘/proc/626/task/686/fdinfo’: Permission denied
find: ‘/proc/626/task/686/ns’: Permission denied
find: ‘/proc/626/task/714/fd’: Permission denied
find: ‘/proc/626/task/714/fdinfo’: Permission denied
find: ‘/proc/626/task/714/ns’: Permission denied
find: ‘/proc/626/fd’: Permission denied
find: ‘/proc/626/map_files’: Permission denied
find: ‘/proc/626/fdinfo’: Permission denied
find: ‘/proc/626/ns’: Permission denied
find: ‘/proc/628/task/628/fd’: Permission denied
find: ‘/proc/628/task/628/fdinfo’: Permission denied
find: ‘/proc/628/task/628/ns’: Permission denied
find: ‘/proc/628/fd’: Permission denied
find: ‘/proc/628/map_files’: Permission denied
find: ‘/proc/628/fdinfo’: Permission denied
find: ‘/proc/628/ns’: Permission denied
find: ‘/proc/636/task/636/fd’: Permission denied
find: ‘/proc/636/task/636/fdinfo’: Permission denied
find: ‘/proc/636/task/636/ns’: Permission denied
find: ‘/proc/636/fd’: Permission denied
find: ‘/proc/636/map_files’: Permission denied
find: ‘/proc/636/fdinfo’: Permission denied
find: ‘/proc/636/ns’: Permission denied
find: ‘/proc/639/task/639/fd’: Permission denied
find: ‘/proc/639/task/639/fdinfo’: Permission denied
find: ‘/proc/639/task/639/ns’: Permission denied
find: ‘/proc/639/fd’: Permission denied
find: ‘/proc/639/map_files’: Permission denied
find: ‘/proc/639/fdinfo’: Permission denied
find: ‘/proc/639/ns’: Permission denied
find: ‘/proc/641/task/641/fd’: Permission denied
find: ‘/proc/641/task/641/fdinfo’: Permission denied
find: ‘/proc/641/task/641/ns’: Permission denied
find: ‘/proc/641/fd’: Permission denied
find: ‘/proc/641/map_files’: Permission denied
find: ‘/proc/641/fdinfo’: Permission denied
find: ‘/proc/641/ns’: Permission denied
find: ‘/proc/644/task/644/fd’: Permission denied
find: ‘/proc/644/task/644/fdinfo’: Permission denied
find: ‘/proc/644/task/644/ns’: Permission denied
find: ‘/proc/644/fd’: Permission denied
find: ‘/proc/644/map_files’: Permission denied
find: ‘/proc/644/fdinfo’: Permission denied
find: ‘/proc/644/ns’: Permission denied
find: ‘/proc/646/task/646/fd’: Permission denied
find: ‘/proc/646/task/646/fdinfo’: Permission denied
find: ‘/proc/646/task/646/ns’: Permission denied
find: ‘/proc/646/task/711/fd’: Permission denied
find: ‘/proc/646/task/711/fdinfo’: Permission denied
find: ‘/proc/646/task/711/ns’: Permission denied
find: ‘/proc/646/task/716/fd’: Permission denied
find: ‘/proc/646/task/716/fdinfo’: Permission denied
find: ‘/proc/646/task/716/ns’: Permission denied
find: ‘/proc/646/fd’: Permission denied
find: ‘/proc/646/map_files’: Permission denied
find: ‘/proc/646/fdinfo’: Permission denied
find: ‘/proc/646/ns’: Permission denied
find: ‘/proc/661/task/661/fd’: Permission denied
find: ‘/proc/661/task/661/fdinfo’: Permission denied
find: ‘/proc/661/task/661/ns’: Permission denied
find: ‘/proc/661/task/690/fd’: Permission denied
find: ‘/proc/661/task/690/fdinfo’: Permission denied
find: ‘/proc/661/task/690/ns’: Permission denied
find: ‘/proc/661/fd’: Permission denied
find: ‘/proc/661/map_files’: Permission denied
find: ‘/proc/661/fdinfo’: Permission denied
find: ‘/proc/661/ns’: Permission denied
find: ‘/proc/667/task/667/fd’: Permission denied
find: ‘/proc/667/task/667/fdinfo’: Permission denied
find: ‘/proc/667/task/667/ns’: Permission denied
find: ‘/proc/667/fd’: Permission denied
find: ‘/proc/667/map_files’: Permission denied
find: ‘/proc/667/fdinfo’: Permission denied
find: ‘/proc/667/ns’: Permission denied
find: ‘/proc/672/task/672/fd’: Permission denied
find: ‘/proc/672/task/672/fdinfo’: Permission denied
find: ‘/proc/672/task/672/ns’: Permission denied
find: ‘/proc/672/task/687/fd’: Permission denied
find: ‘/proc/672/task/687/fdinfo’: Permission denied
find: ‘/proc/672/task/687/ns’: Permission denied
find: ‘/proc/672/task/713/fd’: Permission denied
find: ‘/proc/672/task/713/fdinfo’: Permission denied
find: ‘/proc/672/task/713/ns’: Permission denied
find: ‘/proc/672/fd’: Permission denied
find: ‘/proc/672/map_files’: Permission denied
find: ‘/proc/672/fdinfo’: Permission denied
find: ‘/proc/672/ns’: Permission denied
find: ‘/proc/673/task/673/fd’: Permission denied
find: ‘/proc/673/task/673/fdinfo’: Permission denied
find: ‘/proc/673/task/673/ns’: Permission denied
find: ‘/proc/673/task/708/fd’: Permission denied
find: ‘/proc/673/task/708/fdinfo’: Permission denied
find: ‘/proc/673/task/708/ns’: Permission denied
find: ‘/proc/673/task/715/fd’: Permission denied
find: ‘/proc/673/task/715/fdinfo’: Permission denied
find: ‘/proc/673/task/715/ns’: Permission denied
find: ‘/proc/673/fd’: Permission denied
find: ‘/proc/673/map_files’: Permission denied
find: ‘/proc/673/fdinfo’: Permission denied
find: ‘/proc/673/ns’: Permission denied
find: ‘/proc/676/task/676/fd’: Permission denied
find: ‘/proc/676/task/676/fdinfo’: Permission denied
find: ‘/proc/676/task/676/ns’: Permission denied
find: ‘/proc/676/task/724/fd’: Permission denied
find: ‘/proc/676/task/724/fdinfo’: Permission denied
find: ‘/proc/676/task/724/ns’: Permission denied
find: ‘/proc/676/task/725/fd’: Permission denied
find: ‘/proc/676/task/725/fdinfo’: Permission denied
find: ‘/proc/676/task/725/ns’: Permission denied
find: ‘/proc/676/task/726/fd’: Permission denied
find: ‘/proc/676/task/726/fdinfo’: Permission denied
find: ‘/proc/676/task/726/ns’: Permission denied
find: ‘/proc/676/fd’: Permission denied
find: ‘/proc/676/map_files’: Permission denied
find: ‘/proc/676/fdinfo’: Permission denied
find: ‘/proc/676/ns’: Permission denied
find: ‘/proc/683/task/683/fd’: Permission denied
find: ‘/proc/683/task/683/fdinfo’: Permission denied
find: ‘/proc/683/task/683/ns’: Permission denied
find: ‘/proc/683/task/912/fd’: Permission denied
find: ‘/proc/683/task/912/fdinfo’: Permission denied
find: ‘/proc/683/task/912/ns’: Permission denied
find: ‘/proc/683/task/913/fd’: Permission denied
find: ‘/proc/683/task/913/fdinfo’: Permission denied
find: ‘/proc/683/task/913/ns’: Permission denied
find: ‘/proc/683/task/914/fd’: Permission denied
find: ‘/proc/683/task/914/fdinfo’: Permission denied
find: ‘/proc/683/task/914/ns’: Permission denied
find: ‘/proc/683/task/915/fd’: Permission denied
find: ‘/proc/683/task/915/fdinfo’: Permission denied
find: ‘/proc/683/task/915/ns’: Permission denied
find: ‘/proc/683/task/916/fd’: Permission denied
find: ‘/proc/683/task/916/fdinfo’: Permission denied
find: ‘/proc/683/task/916/ns’: Permission denied
find: ‘/proc/683/task/1129/fd’: Permission denied
find: ‘/proc/683/task/1129/fdinfo’: Permission denied
find: ‘/proc/683/task/1129/ns’: Permission denied
find: ‘/proc/683/task/1150/fd’: Permission denied
find: ‘/proc/683/task/1150/fdinfo’: Permission denied
find: ‘/proc/683/task/1150/ns’: Permission denied
find: ‘/proc/683/task/1151/fd’: Permission denied
find: ‘/proc/683/task/1151/fdinfo’: Permission denied
find: ‘/proc/683/task/1151/ns’: Permission denied
find: ‘/proc/683/task/1254/fd’: Permission denied
find: ‘/proc/683/task/1254/fdinfo’: Permission denied
find: ‘/proc/683/task/1254/ns’: Permission denied
find: ‘/proc/683/task/2886/fd’: Permission denied
find: ‘/proc/683/task/2886/fdinfo’: Permission denied
find: ‘/proc/683/task/2886/ns’: Permission denied
find: ‘/proc/683/task/2979/fd’: Permission denied
find: ‘/proc/683/task/2979/fdinfo’: Permission denied
find: ‘/proc/683/task/2979/ns’: Permission denied
find: ‘/proc/683/fd’: Permission denied
find: ‘/proc/683/map_files’: Permission denied
find: ‘/proc/683/fdinfo’: Permission denied
find: ‘/proc/683/ns’: Permission denied
find: ‘/proc/685/task/685/fd’: Permission denied
find: ‘/proc/685/task/685/fdinfo’: Permission denied
find: ‘/proc/685/task/685/ns’: Permission denied
find: ‘/proc/685/task/744/fd’: Permission denied
find: ‘/proc/685/task/744/fdinfo’: Permission denied
find: ‘/proc/685/task/744/ns’: Permission denied
find: ‘/proc/685/task/749/fd’: Permission denied
find: ‘/proc/685/task/749/fdinfo’: Permission denied
find: ‘/proc/685/task/749/ns’: Permission denied
find: ‘/proc/685/fd’: Permission denied
find: ‘/proc/685/map_files’: Permission denied
find: ‘/proc/685/fdinfo’: Permission denied
find: ‘/proc/685/ns’: Permission denied
find: ‘/proc/693/task/693/fd’: Permission denied
find: ‘/proc/693/task/693/fdinfo’: Permission denied
find: ‘/proc/693/task/693/ns’: Permission denied
find: ‘/proc/693/fd’: Permission denied
find: ‘/proc/693/map_files’: Permission denied
find: ‘/proc/693/fdinfo’: Permission denied
find: ‘/proc/693/ns’: Permission denied
find: ‘/proc/700/task/700/fd’: Permission denied
find: ‘/proc/700/task/700/fdinfo’: Permission denied
find: ‘/proc/700/task/700/ns’: Permission denied
find: ‘/proc/700/task/795/fd’: Permission denied
find: ‘/proc/700/task/795/fdinfo’: Permission denied
find: ‘/proc/700/task/795/ns’: Permission denied
find: ‘/proc/700/task/796/fd’: Permission denied
find: ‘/proc/700/task/796/fdinfo’: Permission denied
find: ‘/proc/700/task/796/ns’: Permission denied
find: ‘/proc/700/task/846/fd’: Permission denied
find: ‘/proc/700/task/846/fdinfo’: Permission denied
find: ‘/proc/700/task/846/ns’: Permission denied
find: ‘/proc/700/fd’: Permission denied
find: ‘/proc/700/map_files’: Permission denied
find: ‘/proc/700/fdinfo’: Permission denied
find: ‘/proc/700/ns’: Permission denied
find: ‘/proc/703/task/703/fd’: Permission denied
find: ‘/proc/703/task/703/fdinfo’: Permission denied
find: ‘/proc/703/task/703/ns’: Permission denied
find: ‘/proc/703/task/739/fd’: Permission denied
find: ‘/proc/703/task/739/fdinfo’: Permission denied
find: ‘/proc/703/task/739/ns’: Permission denied
find: ‘/proc/703/task/745/fd’: Permission denied
find: ‘/proc/703/task/745/fdinfo’: Permission denied
find: ‘/proc/703/task/745/ns’: Permission denied
find: ‘/proc/703/task/784/fd’: Permission denied
find: ‘/proc/703/task/784/fdinfo’: Permission denied
find: ‘/proc/703/task/784/ns’: Permission denied
find: ‘/proc/703/task/824/fd’: Permission denied
find: ‘/proc/703/task/824/fdinfo’: Permission denied
find: ‘/proc/703/task/824/ns’: Permission denied
find: ‘/proc/703/fd’: Permission denied
find: ‘/proc/703/map_files’: Permission denied
find: ‘/proc/703/fdinfo’: Permission denied
find: ‘/proc/703/ns’: Permission denied
find: ‘/proc/705/task/705/fd’: Permission denied
find: ‘/proc/705/task/705/fdinfo’: Permission denied
find: ‘/proc/705/task/705/ns’: Permission denied
find: ‘/proc/705/fd’: Permission denied
find: ‘/proc/705/map_files’: Permission denied
find: ‘/proc/705/fdinfo’: Permission denied
find: ‘/proc/705/ns’: Permission denied
find: ‘/proc/723/task/723/fd’: Permission denied
find: ‘/proc/723/task/723/fdinfo’: Permission denied
find: ‘/proc/723/task/723/ns’: Permission denied
find: ‘/proc/723/fd’: Permission denied
find: ‘/proc/723/map_files’: Permission denied
find: ‘/proc/723/fdinfo’: Permission denied
find: ‘/proc/723/ns’: Permission denied
find: ‘/proc/742/task/742/fd’: Permission denied
find: ‘/proc/742/task/742/fdinfo’: Permission denied
find: ‘/proc/742/task/742/ns’: Permission denied
find: ‘/proc/742/task/782/fd’: Permission denied
find: ‘/proc/742/task/782/fdinfo’: Permission denied
find: ‘/proc/742/task/782/ns’: Permission denied
find: ‘/proc/742/task/789/fd’: Permission denied
find: ‘/proc/742/task/789/fdinfo’: Permission denied
find: ‘/proc/742/task/789/ns’: Permission denied
find: ‘/proc/742/fd’: Permission denied
find: ‘/proc/742/map_files’: Permission denied
find: ‘/proc/742/fdinfo’: Permission denied
find: ‘/proc/742/ns’: Permission denied
find: ‘/proc/801/task/801/fd’: Permission denied
find: ‘/proc/801/task/801/fdinfo’: Permission denied
find: ‘/proc/801/task/801/ns’: Permission denied
find: ‘/proc/801/task/826/fd’: Permission denied
find: ‘/proc/801/task/826/fdinfo’: Permission denied
find: ‘/proc/801/task/826/ns’: Permission denied
find: ‘/proc/801/task/830/fd’: Permission denied
find: ‘/proc/801/task/830/fdinfo’: Permission denied
find: ‘/proc/801/task/830/ns’: Permission denied
find: ‘/proc/801/fd’: Permission denied
find: ‘/proc/801/map_files’: Permission denied
find: ‘/proc/801/fdinfo’: Permission denied
find: ‘/proc/801/ns’: Permission denied
find: ‘/proc/804/task/804/fd’: Permission denied
find: ‘/proc/804/task/804/fdinfo’: Permission denied
find: ‘/proc/804/task/804/ns’: Permission denied
find: ‘/proc/804/task/817/fd’: Permission denied
find: ‘/proc/804/task/817/fdinfo’: Permission denied
find: ‘/proc/804/task/817/ns’: Permission denied
find: ‘/proc/804/task/819/fd’: Permission denied
find: ‘/proc/804/task/819/fdinfo’: Permission denied
find: ‘/proc/804/task/819/ns’: Permission denied
find: ‘/proc/804/fd’: Permission denied
find: ‘/proc/804/map_files’: Permission denied
find: ‘/proc/804/fdinfo’: Permission denied
find: ‘/proc/804/ns’: Permission denied
find: ‘/proc/816/task/816/fd’: Permission denied
find: ‘/proc/816/task/816/fdinfo’: Permission denied
find: ‘/proc/816/task/816/ns’: Permission denied
find: ‘/proc/816/task/844/fd’: Permission denied
find: ‘/proc/816/task/844/fdinfo’: Permission denied
find: ‘/proc/816/task/844/ns’: Permission denied
find: ‘/proc/816/fd’: Permission denied
find: ‘/proc/816/map_files’: Permission denied
find: ‘/proc/816/fdinfo’: Permission denied
find: ‘/proc/816/ns’: Permission denied
find: ‘/proc/890/task/890/fd’: Permission denied
find: ‘/proc/890/task/890/fdinfo’: Permission denied
find: ‘/proc/890/task/890/ns’: Permission denied
find: ‘/proc/890/task/891/fd’: Permission denied
find: ‘/proc/890/task/891/fdinfo’: Permission denied
find: ‘/proc/890/task/891/ns’: Permission denied
find: ‘/proc/890/task/892/fd’: Permission denied
find: ‘/proc/890/task/892/fdinfo’: Permission denied
find: ‘/proc/890/task/892/ns’: Permission denied
find: ‘/proc/890/fd’: Permission denied
find: ‘/proc/890/map_files’: Permission denied
find: ‘/proc/890/fdinfo’: Permission denied
find: ‘/proc/890/ns’: Permission denied
find: ‘/proc/986/task/986/fd’: Permission denied
find: ‘/proc/986/task/986/fdinfo’: Permission denied
find: ‘/proc/986/task/986/ns’: Permission denied
find: ‘/proc/986/task/997/fd’: Permission denied
find: ‘/proc/986/task/997/fdinfo’: Permission denied
find: ‘/proc/986/task/997/ns’: Permission denied
find: ‘/proc/986/task/998/fd’: Permission denied
find: ‘/proc/986/task/998/fdinfo’: Permission denied
find: ‘/proc/986/task/998/ns’: Permission denied
find: ‘/proc/986/fd’: Permission denied
find: ‘/proc/986/map_files’: Permission denied
find: ‘/proc/986/fdinfo’: Permission denied
find: ‘/proc/986/ns’: Permission denied
find: ‘/proc/1200/task/1200/fd’: Permission denied
find: ‘/proc/1200/task/1200/fdinfo’: Permission denied
find: ‘/proc/1200/task/1200/ns’: Permission denied
find: ‘/proc/1200/task/1204/fd’: Permission denied
find: ‘/proc/1200/task/1204/fdinfo’: Permission denied
find: ‘/proc/1200/task/1204/ns’: Permission denied
find: ‘/proc/1200/task/1206/fd’: Permission denied
find: ‘/proc/1200/task/1206/fdinfo’: Permission denied
find: ‘/proc/1200/task/1206/ns’: Permission denied
find: ‘/proc/1200/fd’: Permission denied
find: ‘/proc/1200/map_files’: Permission denied
find: ‘/proc/1200/fdinfo’: Permission denied
find: ‘/proc/1200/ns’: Permission denied
find: ‘/proc/1201/task/1201/fd’: Permission denied
find: ‘/proc/1201/task/1201/fdinfo’: Permission denied
find: ‘/proc/1201/task/1201/ns’: Permission denied
find: ‘/proc/1201/fd’: Permission denied
find: ‘/proc/1201/map_files’: Permission denied
find: ‘/proc/1201/fdinfo’: Permission denied
find: ‘/proc/1201/ns’: Permission denied
find: ‘/proc/1334/task/1334/fd’: Permission denied
find: ‘/proc/1334/task/1334/fdinfo’: Permission denied
find: ‘/proc/1334/task/1334/ns’: Permission denied
find: ‘/proc/1334/fd’: Permission denied
find: ‘/proc/1334/map_files’: Permission denied
find: ‘/proc/1334/fdinfo’: Permission denied
find: ‘/proc/1334/ns’: Permission denied
find: ‘/proc/1337/task/1337/fd’: Permission denied
find: ‘/proc/1337/task/1337/fdinfo’: Permission denied
find: ‘/proc/1337/task/1337/ns’: Permission denied
find: ‘/proc/1337/fd’: Permission denied
find: ‘/proc/1337/map_files’: Permission denied
find: ‘/proc/1337/fdinfo’: Permission denied
find: ‘/proc/1337/ns’: Permission denied
find: ‘/proc/1353/task/1353/fd’: Permission denied
find: ‘/proc/1353/task/1353/fdinfo’: Permission denied
find: ‘/proc/1353/task/1353/ns’: Permission denied
find: ‘/proc/1353/task/1354/fd’: Permission denied
find: ‘/proc/1353/task/1354/fdinfo’: Permission denied
find: ‘/proc/1353/task/1354/ns’: Permission denied
find: ‘/proc/1353/task/1355/fd’: Permission denied
find: ‘/proc/1353/task/1355/fdinfo’: Permission denied
find: ‘/proc/1353/task/1355/ns’: Permission denied
find: ‘/proc/1353/fd’: Permission denied
find: ‘/proc/1353/map_files’: Permission denied
find: ‘/proc/1353/fdinfo’: Permission denied
find: ‘/proc/1353/ns’: Permission denied
find: ‘/proc/1362/task/1362/fd’: Permission denied
find: ‘/proc/1362/task/1362/fdinfo’: Permission denied
find: ‘/proc/1362/task/1362/ns’: Permission denied
find: ‘/proc/1362/fd’: Permission denied
find: ‘/proc/1362/map_files’: Permission denied
find: ‘/proc/1362/fdinfo’: Permission denied
find: ‘/proc/1362/ns’: Permission denied
find: ‘/proc/1409/task/1409/fd’: Permission denied
find: ‘/proc/1409/task/1409/fdinfo’: Permission denied
find: ‘/proc/1409/task/1409/ns’: Permission denied
find: ‘/proc/1409/fd’: Permission denied
find: ‘/proc/1409/map_files’: Permission denied
find: ‘/proc/1409/fdinfo’: Permission denied
find: ‘/proc/1409/ns’: Permission denied
find: ‘/proc/1426/task/1426/fd’: Permission denied
find: ‘/proc/1426/task/1426/fdinfo’: Permission denied
find: ‘/proc/1426/task/1426/ns’: Permission denied
find: ‘/proc/1426/fd’: Permission denied
find: ‘/proc/1426/map_files’: Permission denied
find: ‘/proc/1426/fdinfo’: Permission denied
find: ‘/proc/1426/ns’: Permission denied
find: ‘/proc/3522/task/3522/fd’: Permission denied
find: ‘/proc/3522/task/3522/fdinfo’: Permission denied
find: ‘/proc/3522/task/3522/ns’: Permission denied
find: ‘/proc/3522/fd’: Permission denied
find: ‘/proc/3522/map_files’: Permission denied
find: ‘/proc/3522/fdinfo’: Permission denied
find: ‘/proc/3522/ns’: Permission denied
find: ‘/proc/3523/task/3523/fd’: Permission denied
find: ‘/proc/3523/task/3523/fdinfo’: Permission denied
find: ‘/proc/3523/task/3523/ns’: Permission denied
find: ‘/proc/3523/task/3525/fd’: Permission denied
find: ‘/proc/3523/task/3525/fdinfo’: Permission denied
find: ‘/proc/3523/task/3525/ns’: Permission denied
find: ‘/proc/3523/task/3526/fd’: Permission denied
find: ‘/proc/3523/task/3526/fdinfo’: Permission denied
find: ‘/proc/3523/task/3526/ns’: Permission denied
find: ‘/proc/3523/fd’: Permission denied
find: ‘/proc/3523/map_files’: Permission denied
find: ‘/proc/3523/fdinfo’: Permission denied
find: ‘/proc/3523/ns’: Permission denied
find: ‘/proc/18040/task/18040/fd’: Permission denied
find: ‘/proc/18040/task/18040/fdinfo’: Permission denied
find: ‘/proc/18040/task/18040/ns’: Permission denied
find: ‘/proc/18040/fd’: Permission denied
find: ‘/proc/18040/map_files’: Permission denied
find: ‘/proc/18040/fdinfo’: Permission denied
find: ‘/proc/18040/ns’: Permission denied
find: ‘/proc/18096/task/18096/fd’: Permission denied
find: ‘/proc/18096/task/18096/fdinfo’: Permission denied
find: ‘/proc/18096/task/18096/ns’: Permission denied
find: ‘/proc/18096/fd’: Permission denied
find: ‘/proc/18096/map_files’: Permission denied
find: ‘/proc/18096/fdinfo’: Permission denied
find: ‘/proc/18096/ns’: Permission denied
find: ‘/proc/18592/task/18592/fd’: Permission denied
find: ‘/proc/18592/task/18592/fdinfo’: Permission denied
find: ‘/proc/18592/task/18592/ns’: Permission denied
find: ‘/proc/18592/fd’: Permission denied
find: ‘/proc/18592/map_files’: Permission denied
find: ‘/proc/18592/fdinfo’: Permission denied
find: ‘/proc/18592/ns’: Permission denied
find: ‘/proc/18639/task/18639/fd’: Permission denied
find: ‘/proc/18639/task/18639/fdinfo’: Permission denied
find: ‘/proc/18639/task/18639/ns’: Permission denied
find: ‘/proc/18639/fd’: Permission denied
find: ‘/proc/18639/map_files’: Permission denied
find: ‘/proc/18639/fdinfo’: Permission denied
find: ‘/proc/18639/ns’: Permission denied
find: ‘/proc/18687/task/18687/fd’: Permission denied
find: ‘/proc/18687/task/18687/fdinfo’: Permission denied
find: ‘/proc/18687/task/18687/ns’: Permission denied
find: ‘/proc/18687/fd’: Permission denied
find: ‘/proc/18687/map_files’: Permission denied
find: ‘/proc/18687/fdinfo’: Permission denied
find: ‘/proc/18687/ns’: Permission denied
find: ‘/proc/18838/task/18838/fd’: Permission denied
find: ‘/proc/18838/task/18838/fdinfo’: Permission denied
find: ‘/proc/18838/task/18838/ns’: Permission denied
find: ‘/proc/18838/fd’: Permission denied
find: ‘/proc/18838/map_files’: Permission denied
find: ‘/proc/18838/fdinfo’: Permission denied
find: ‘/proc/18838/ns’: Permission denied
find: ‘/proc/18893/task/18893/fd’: Permission denied
find: ‘/proc/18893/task/18893/fdinfo’: Permission denied
find: ‘/proc/18893/task/18893/ns’: Permission denied
find: ‘/proc/18893/fd’: Permission denied
find: ‘/proc/18893/map_files’: Permission denied
find: ‘/proc/18893/fdinfo’: Permission denied
find: ‘/proc/18893/ns’: Permission denied
find: ‘/proc/18907/task/18907/fd’: Permission denied
find: ‘/proc/18907/task/18907/fdinfo’: Permission denied
find: ‘/proc/18907/task/18907/ns’: Permission denied
find: ‘/proc/18907/fd’: Permission denied
find: ‘/proc/18907/map_files’: Permission denied
find: ‘/proc/18907/fdinfo’: Permission denied
find: ‘/proc/18907/ns’: Permission denied
find: ‘/proc/18955/task/18955/fd’: Permission denied
find: ‘/proc/18955/task/18955/fdinfo’: Permission denied
find: ‘/proc/18955/task/18955/ns’: Permission denied
find: ‘/proc/18955/fd’: Permission denied
find: ‘/proc/18955/map_files’: Permission denied
find: ‘/proc/18955/fdinfo’: Permission denied
find: ‘/proc/18955/ns’: Permission denied
find: ‘/proc/18959/task/18959/fd’: Permission denied
find: ‘/proc/18959/task/18959/fdinfo’: Permission denied
find: ‘/proc/18959/task/18959/ns’: Permission denied
find: ‘/proc/18959/fd’: Permission denied
find: ‘/proc/18959/map_files’: Permission denied
find: ‘/proc/18959/fdinfo’: Permission denied
find: ‘/proc/18959/ns’: Permission denied
find: ‘/proc/18960/task/18960/fd’: Permission denied
find: ‘/proc/18960/task/18960/fdinfo’: Permission denied
find: ‘/proc/18960/task/18960/ns’: Permission denied
find: ‘/proc/18960/fd’: Permission denied
find: ‘/proc/18960/map_files’: Permission denied
find: ‘/proc/18960/fdinfo’: Permission denied
find: ‘/proc/18960/ns’: Permission denied
find: ‘/proc/18962/task/18962/fd’: Permission denied
find: ‘/proc/18962/task/18962/fdinfo’: Permission denied
find: ‘/proc/18962/task/18962/ns’: Permission denied
find: ‘/proc/18962/fd’: Permission denied
find: ‘/proc/18962/map_files’: Permission denied
find: ‘/proc/18962/fdinfo’: Permission denied
find: ‘/proc/18962/ns’: Permission denied
find: ‘/proc/18986/task/18986/fd’: Permission denied
find: ‘/proc/18986/task/18986/fdinfo’: Permission denied
find: ‘/proc/18986/task/18986/ns’: Permission denied
find: ‘/proc/18986/fd’: Permission denied
find: ‘/proc/18986/map_files’: Permission denied
find: ‘/proc/18986/fdinfo’: Permission denied
find: ‘/proc/18986/ns’: Permission denied
find: ‘/proc/19058/task/19058/fd’: Permission denied
find: ‘/proc/19058/task/19058/fdinfo’: Permission denied
find: ‘/proc/19058/task/19058/ns’: Permission denied
find: ‘/proc/19058/fd’: Permission denied
find: ‘/proc/19058/map_files’: Permission denied
find: ‘/proc/19058/fdinfo’: Permission denied
find: ‘/proc/19058/ns’: Permission denied
find: ‘/proc/19063/task/19063/fd’: Permission denied
find: ‘/proc/19063/task/19063/fdinfo’: Permission denied
find: ‘/proc/19063/task/19063/ns’: Permission denied
find: ‘/proc/19063/fd’: Permission denied
find: ‘/proc/19063/map_files’: Permission denied
find: ‘/proc/19063/fdinfo’: Permission denied
find: ‘/proc/19063/ns’: Permission denied
find: ‘/proc/19064/task/19064/fd’: Permission denied
find: ‘/proc/19064/task/19064/fdinfo’: Permission denied
find: ‘/proc/19064/task/19064/ns’: Permission denied
find: ‘/proc/19064/fd’: Permission denied
find: ‘/proc/19064/map_files’: Permission denied
find: ‘/proc/19064/fdinfo’: Permission denied
find: ‘/proc/19064/ns’: Permission denied
find: ‘/proc/19075/task/19075/fd’: Permission denied
find: ‘/proc/19075/task/19075/fdinfo’: Permission denied
find: ‘/proc/19075/task/19075/ns’: Permission denied
find: ‘/proc/19075/fd’: Permission denied
find: ‘/proc/19075/map_files’: Permission denied
find: ‘/proc/19075/fdinfo’: Permission denied
find: ‘/proc/19075/ns’: Permission denied
find: ‘/root’: Permission denied
find: ‘/lost+found’: Permission denied
find: ‘/sys/kernel/tracing’: Permission denied
find: ‘/sys/kernel/debug’: Permission denied
find: ‘/sys/fs/pstore’: Permission denied
find: ‘/sys/fs/bpf’: Permission denied
find: ‘/tmp/systemd-private-97ea4b5215bb4388b10d179b9ee82723-bluetooth.service-NPXWDS’: Permission denied
find: ‘/tmp/snap-private-tmp’: Permission denied
find: ‘/tmp/systemd-private-97ea4b5215bb4388b10d179b9ee82723-systemd-resolved.service-QHuRZK’: Permission denied
find: ‘/tmp/systemd-private-97ea4b5215bb4388b10d179b9ee82723-systemd-logind.service-DbTRQ2’: Permission denied
find: ‘/tmp/systemd-private-97ea4b5215bb4388b10d179b9ee82723-systemd-oomd.service-Hu74nY’: Permission denied
find: ‘/tmp/systemd-private-97ea4b5215bb4388b10d179b9ee82723-upower.service-inF27Z’: Permission denied
find: ‘/tmp/systemd-private-97ea4b5215bb4388b10d179b9ee82723-systemd-timesyncd.service-aqaq0G’: Permission denied
find: ‘/tmp/systemd-private-97ea4b5215bb4388b10d179b9ee82723-ModemManager.service-QFsZfy’: Permission denied
find: ‘/tmp/systemd-private-97ea4b5215bb4388b10d179b9ee82723-colord.service-jyS6uu’: Permission denied
find: ‘/tmp/systemd-private-97ea4b5215bb4388b10d179b9ee82723-power-profiles-daemon.service-VCqnhy’: Permission denied
find: ‘/tmp/systemd-private-97ea4b5215bb4388b10d179b9ee82723-switcheroo-control.service-IjCcuH’: Permission denied
find: ‘/var/cache/cups’: Permission denied
find: ‘/var/cache/apparmor/2693c843.0’: Permission denied
find: ‘/var/cache/apparmor/0012d2a9.0’: Permission denied
find: ‘/var/cache/apt/archives/partial’: Permission denied
find: ‘/var/cache/ldconfig’: Permission denied
find: ‘/var/cache/private’: Permission denied
find: ‘/var/spool/cups’: Permission denied
find: ‘/var/spool/cron/crontabs’: Permission denied
find: ‘/var/spool/rsyslog’: Permission denied
find: ‘/var/log/speech-dispatcher’: Permission denied
find: ‘/var/log/gdm3’: Permission denied
find: ‘/var/log/private’: Permission denied
find: ‘/var/lib/fprint’: Permission denied
find: ‘/var/lib/update-notifier/package-data-downloads/partial’: Permission denied
find: ‘/var/lib/ubuntu-advantage/apt-esm/var/lib/apt/lists/partial’: Permission denied
find: ‘/var/lib/fwupd/gnupg’: Permission denied
find: ‘/var/lib/udisks2’: Permission denied
find: ‘/var/lib/bluetooth/58:6C:25:04:53:5C’: Permission denied
find: ‘/var/lib/apt/lists/partial’: Permission denied
find: ‘/var/lib/snapd/cache’: Permission denied
find: ‘/var/lib/snapd/void’: Permission denied
find: ‘/var/lib/snapd/cookie’: Permission denied
find: ‘/var/lib/avahi-autoipd’: Permission denied
find: ‘/var/lib/NetworkManager’: Permission denied
find: ‘/var/lib/polkit-1’: Permission denied
find: ‘/var/lib/gdm3’: Permission denied
find: ‘/var/lib/private’: Permission denied
find: ‘/var/lib/AccountsService/users’: Permission denied
find: ‘/var/lib/openvpn/chroot’: Permission denied
find: ‘/var/lib/saned’: Permission denied
find: ‘/var/tmp/systemd-private-97ea4b5215bb4388b10d179b9ee82723-systemd-logind.service-XQ2qHx’: Permission denied
find: ‘/var/tmp/systemd-private-97ea4b5215bb4388b10d179b9ee82723-systemd-oomd.service-b64gyW’: Permission denied
find: ‘/var/tmp/systemd-private-97ea4b5215bb4388b10d179b9ee82723-switcheroo-control.service-5NGp6o’: Permission denied
find: ‘/var/tmp/systemd-private-97ea4b5215bb4388b10d179b9ee82723-bluetooth.service-lRfsSx’: Permission denied
find: ‘/var/tmp/systemd-private-97ea4b5215bb4388b10d179b9ee82723-ModemManager.service-Y7qYmD’: Permission denied
find: ‘/var/tmp/systemd-private-97ea4b5215bb4388b10d179b9ee82723-colord.service-P1LlSd’: Permission denied
find: ‘/var/tmp/systemd-private-97ea4b5215bb4388b10d179b9ee82723-upower.service-IcRKtH’: Permission denied
find: ‘/var/tmp/systemd-private-97ea4b5215bb4388b10d179b9ee82723-power-profiles-daemon.service-JSaPdn’: Permission denied
find: ‘/var/tmp/systemd-private-97ea4b5215bb4388b10d179b9ee82723-systemd-timesyncd.service-kFYhHq’: Permission denied
find: ‘/var/tmp/systemd-private-97ea4b5215bb4388b10d179b9ee82723-systemd-resolved.service-tXNks8’: Permission denied
find: ‘/run/wpa_supplicant’: Permission denied
find: ‘/run/gdm3’: Permission denied
find: ‘/run/udisks2’: Permission denied
find: ‘/run/cups/certs’: Permission denied
find: ‘/run/user/1000/systemd/inaccessible/dir’: Permission denied
find: ‘/run/sudo’: Permission denied
find: ‘/run/speech-dispatcher’: Permission denied
find: ‘/run/openvpn-server’: Permission denied
find: ‘/run/openvpn-client’: Permission denied
find: ‘/run/credentials/systemd-sysusers.service’: Permission denied
find: ‘/run/systemd/resolve/netif’: Permission denied
find: ‘/run/systemd/propagate’: Permission denied
find: ‘/run/systemd/unit-root’: Permission denied
find: ‘/run/systemd/inaccessible/dir’: Permission denied
find: ‘/run/initramfs’: Permission denied
